This file contains any messages produced by compilers while
running configure, to aid debugging if configure makes a mistake.

It was created by Code2 configure 1.0, which was
generated by GNU Autoconf 2.69.  Invocation command line was

  $ ./configure 

## --------- ##
## Platform. ##
## --------- ##

hostname = maciej
uname -m = x86_64
uname -r = 5.8.0-53-generic
uname -s = Linux
uname -v = #60~20.04.1-Ubuntu SMP Thu May 6 09:52:46 UTC 2021

/usr/bin/uname -p = x86_64
/bin/uname -X     = unknown

/bin/arch              = x86_64
/usr/bin/arch -k       = unknown
/usr/convex/getsysinfo = unknown
/usr/bin/hostinfo      = unknown
/bin/machine           = unknown
/usr/bin/oslevel       = unknown
/bin/universe          = unknown

PATH: /usr/local/sbin
PATH: /usr/local/bin
PATH: /usr/sbin
PATH: /usr/bin
PATH: /sbin
PATH: /bin
PATH: /usr/games
PATH: /usr/local/games
PATH: /snap/bin


## ----------- ##
## Core tests. ##
## ----------- ##

configure:2254: checking for a BSD-compatible install
configure:2322: result: /usr/bin/install -c
configure:2333: checking whether build environment is sane
configure:2388: result: yes
configure:2537: checking for a thread-safe mkdir -p
configure:2576: result: /usr/bin/mkdir -p
configure:2583: checking for gawk
configure:2613: result: no
configure:2583: checking for mawk
configure:2599: found /usr/bin/mawk
configure:2610: result: mawk
configure:2621: checking whether make sets $(MAKE)
configure:2643: result: yes
configure:2672: checking whether make supports nested variables
configure:2689: result: yes
configure:2844: checking build system type
configure:2858: result: x86_64-pc-linux-gnu
configure:2878: checking host system type
configure:2891: result: x86_64-pc-linux-gnu
configure:2932: checking how to print strings
configure:2959: result: printf
configure:2984: checking whether make supports the include directive
configure:2999: make -f confmf.GNU && cat confinc.out
this is the am__doit target
configure:3002: $? = 0
configure:3021: result: yes (GNU style)
configure:3091: checking for gcc
configure:3107: found /usr/bin/gcc
configure:3118: result: gcc
configure:3347: checking for C compiler version
configure:3356: gcc --version >&5
gcc (Ubuntu 9.3.0-17ubuntu1~20.04) 9.3.0
Copyright (C) 2019 Free Software Foundation, Inc.
This is free software; see the source for copying conditions.  There is NO
warranty; not even for MERCHANTABILITY or FITNESS FOR A PARTICULAR PURPOSE.

configure:3367: $? = 0
configure:3356: gcc -v >&5
Using built-in specs.
COLLECT_GCC=gcc
COLLECT_LTO_WRAPPER=/usr/lib/gcc/x86_64-linux-gnu/9/lto-wrapper
OFFLOAD_TARGET_NAMES=nvptx-none:hsa
OFFLOAD_TARGET_DEFAULT=1
Target: x86_64-linux-gnu
Configured with: ../src/configure -v --with-pkgversion='Ubuntu 9.3.0-17ubuntu1~20.04' --with-bugurl=file:///usr/share/doc/gcc-9/README.Bugs --enable-languages=c,ada,c++,go,brig,d,fortran,objc,obj-c++,gm2 --prefix=/usr --with-gcc-major-version-only --program-suffix=-9 --program-prefix=x86_64-linux-gnu- --enable-shared --enable-linker-build-id --libexecdir=/usr/lib --without-included-gettext --enable-threads=posix --libdir=/usr/lib --enable-nls --enable-clocale=gnu --enable-libstdcxx-debug --enable-libstdcxx-time=yes --with-default-libstdcxx-abi=new --enable-gnu-unique-object --disable-vtable-verify --enable-plugin --enable-default-pie --with-system-zlib --with-target-system-zlib=auto --enable-objc-gc=auto --enable-multiarch --disable-werror --with-arch-32=i686 --with-abi=m64 --with-multilib-list=m32,m64,mx32 --enable-multilib --with-tune=generic --enable-offload-targets=nvptx-none=/build/gcc-9-HskZEa/gcc-9-9.3.0/debian/tmp-nvptx/usr,hsa --without-cuda-driver --enable-checking=release --build=x86_64-linux-gnu --host=x86_64-linux-gnu --target=x86_64-linux-gnu
Thread model: posix
gcc version 9.3.0 (Ubuntu 9.3.0-17ubuntu1~20.04) 
configure:3367: $? = 0
configure:3356: gcc -V >&5
gcc: error: unrecognized command line option '-V'
gcc: fatal error: no input files
compilation terminated.
configure:3367: $? = 1
configure:3356: gcc -qversion >&5
gcc: error: unrecognized command line option '-qversion'; did you mean '--version'?
gcc: fatal error: no input files
compilation terminated.
configure:3367: $? = 1
configure:3387: checking whether the C compiler works
configure:3409: gcc    conftest.c  >&5
configure:3413: $? = 0
configure:3461: result: yes
configure:3464: checking for C compiler default output file name
configure:3466: result: a.out
configure:3472: checking for suffix of executables
configure:3479: gcc -o conftest    conftest.c  >&5
configure:3483: $? = 0
configure:3505: result: 
configure:3527: checking whether we are cross compiling
configure:3535: gcc -o conftest    conftest.c  >&5
configure:3539: $? = 0
configure:3546: ./conftest
configure:3550: $? = 0
configure:3538: result: no
configure:3543: checking for suffix of object files
configure:3565: gcc -c   conftest.c >&5
configure:3569: $? = 0
configure:3590: result: o
configure:3594: checking whether we are using the GNU C compiler
configure:3613: gcc -c   conftest.c >&5
configure:3613: $? = 0
configure:3622: result: yes
configure:3631: checking whether gcc accepts -g
configure:3651: gcc -c -g  conftest.c >&5
configure:3651: $? = 0
configure:3692: result: yes
configure:3709: checking for gcc option to accept ISO C89
configure:3772: gcc  -c -g -O2  conftest.c >&5
configure:3772: $? = 0
configure:3785: result: none needed
configure:3810: checking whether gcc understands -c and -o together
configure:3832: gcc -c conftest.c -o conftest2.o
configure:3835: $? = 0
configure:3832: gcc -c conftest.c -o conftest2.o
configure:3835: $? = 0
configure:3847: result: yes
configure:3866: checking dependency style of gcc
configure:3977: result: gcc3
configure:3992: checking for a sed that does not truncate output
configure:4056: result: /usr/bin/sed
configure:4074: checking for grep that handles long lines and -e
configure:4132: result: /usr/bin/grep
configure:4137: checking for egrep
configure:4199: result: /usr/bin/grep -E
configure:4204: checking for fgrep
configure:4266: result: /usr/bin/grep -F
configure:4301: checking for ld used by gcc
configure:4368: result: /usr/bin/ld
configure:4375: checking if the linker (/usr/bin/ld) is GNU ld
configure:4390: result: yes
configure:4402: checking for BSD- or MS-compatible name lister (nm)
configure:4456: result: /usr/bin/nm -B
configure:4586: checking the name lister (/usr/bin/nm -B) interface
configure:4593: gcc -c -g -O2  conftest.c >&5
configure:4596: /usr/bin/nm -B "conftest.o"
configure:4599: output
0000000000000000 B some_variable
configure:4600: result: BSD nm
configure:4603: checking whether ln -s works
configure:4607: result: yes
configure:4615: checking the maximum length of command line arguments
configure:4746: result: 1572864
configure:4794: checking how to convert x86_64-pc-linux-gnu file names to x86_64-pc-linux-gnu format
configure:4834: result: func_convert_file_noop
configure:4841: checking how to convert x86_64-pc-linux-gnu file names to toolchain format
configure:4861: result: func_convert_file_noop
configure:4868: checking for /usr/bin/ld option to reload object files
configure:4875: result: -r
configure:4949: checking for objdump
configure:4965: found /usr/bin/objdump
configure:4976: result: objdump
configure:5008: checking how to recognize dependent libraries
configure:5208: result: pass_all
configure:5293: checking for dlltool
configure:5323: result: no
configure:5353: checking how to associate runtime and link libraries
configure:5380: result: printf %s\n
configure:5441: checking for ar
configure:5457: found /usr/bin/ar
configure:5468: result: ar
configure:5505: checking for archiver @FILE support
configure:5522: gcc -c -g -O2  conftest.c >&5
configure:5522: $? = 0
configure:5525: ar cru libconftest.a @conftest.lst >&5
ar: `u' modifier ignored since `D' is the default (see `U')
configure:5528: $? = 0
configure:5533: ar cru libconftest.a @conftest.lst >&5
ar: `u' modifier ignored since `D' is the default (see `U')
ar: conftest.o: No such file or directory
configure:5536: $? = 1
configure:5535: result: @
configure:5593: checking for strip
configure:5609: found /usr/bin/strip
configure:5620: result: strip
configure:5692: checking for ranlib
configure:5708: found /usr/bin/ranlib
configure:5719: result: ranlib
configure:5821: checking command to parse /usr/bin/nm -B output from gcc object
configure:5974: gcc -c -g -O2  conftest.c >&5
configure:5977: $? = 0
configure:5981: /usr/bin/nm -B conftest.o \| sed -n -e 's/^.*[ ]\([ABCDGIRSTW][ABCDGIRSTW]*\)[ ][ ]*\([_A-Za-z][_A-Za-z0-9]*\)$/\1 \2 \2/p' | sed '/ __gnu_lto/d' \> conftest.nm
configure:5984: $? = 0
configure:6050: gcc -o conftest -g -O2   conftest.c conftstm.o >&5
configure:6053: $? = 0
configure:6091: result: ok
configure:6138: checking for sysroot
configure:6168: result: no
configure:6175: checking for a working dd
configure:6213: result: /usr/bin/dd
configure:6217: checking how to truncate binary pipes
configure:6232: result: /usr/bin/dd bs=4096 count=1
configure:6368: gcc -c -g -O2  conftest.c >&5
configure:6371: $? = 0
configure:6561: checking for mt
configure:6577: found /usr/bin/mt
configure:6588: result: mt
configure:6611: checking if mt is a manifest tool
configure:6617: mt '-?'
configure:6625: result: no
configure:7302: checking how to run the C preprocessor
configure:7333: gcc -E  conftest.c
configure:7333: $? = 0
configure:7347: gcc -E  conftest.c
conftest.c:11:10: fatal error: ac_nonexistent.h: No such file or directory
   11 | #include <ac_nonexistent.h>
      |          ^~~~~~~~~~~~~~~~~~
compilation terminated.
configure:7347: $? = 1
configure: failed program was:
| /* confdefs.h */
| #define PACKAGE_NAME "Code2"
| #define PACKAGE_TARNAME "code2"
| #define PACKAGE_VERSION "1.0"
| #define PACKAGE_STRING "Code2 1.0"
| #define PACKAGE_BUGREPORT "s95498@pollub.edu.pl"
| #define PACKAGE_URL ""
| #define PACKAGE "code2"
| #define VERSION "1.0"
| /* end confdefs.h.  */
| #include <ac_nonexistent.h>
configure:7372: result: gcc -E
configure:7392: gcc -E  conftest.c
configure:7392: $? = 0
configure:7406: gcc -E  conftest.c
conftest.c:11:10: fatal error: ac_nonexistent.h: No such file or directory
   11 | #include <ac_nonexistent.h>
      |          ^~~~~~~~~~~~~~~~~~
compilation terminated.
configure:7406: $? = 1
configure: failed program was:
| /* confdefs.h */
| #define PACKAGE_NAME "Code2"
| #define PACKAGE_TARNAME "code2"
| #define PACKAGE_VERSION "1.0"
| #define PACKAGE_STRING "Code2 1.0"
| #define PACKAGE_BUGREPORT "s95498@pollub.edu.pl"
| #define PACKAGE_URL ""
| #define PACKAGE "code2"
| #define VERSION "1.0"
| /* end confdefs.h.  */
| #include <ac_nonexistent.h>
configure:7435: checking for ANSI C header files
configure:7455: gcc -c -g -O2  conftest.c >&5
configure:7455: $? = 0
configure:7528: gcc -o conftest -g -O2   conftest.c  >&5
configure:7528: $? = 0
configure:7528: ./conftest
configure:7528: $? = 0
configure:7539: result: yes
configure:7552: checking for sys/types.h
configure:7552: gcc -c -g -O2  conftest.c >&5
configure:7552: $? = 0
configure:7552: result: yes
configure:7552: checking for sys/stat.h
configure:7552: gcc -c -g -O2  conftest.c >&5
configure:7552: $? = 0
configure:7552: result: yes
configure:7552: checking for stdlib.h
configure:7552: gcc -c -g -O2  conftest.c >&5
configure:7552: $? = 0
configure:7552: result: yes
configure:7552: checking for string.h
configure:7552: gcc -c -g -O2  conftest.c >&5
configure:7552: $? = 0
configure:7552: result: yes
configure:7552: checking for memory.h
configure:7552: gcc -c -g -O2  conftest.c >&5
configure:7552: $? = 0
configure:7552: result: yes
configure:7552: checking for strings.h
configure:7552: gcc -c -g -O2  conftest.c >&5
configure:7552: $? = 0
configure:7552: result: yes
configure:7552: checking for inttypes.h
configure:7552: gcc -c -g -O2  conftest.c >&5
configure:7552: $? = 0
configure:7552: result: yes
configure:7552: checking for stdint.h
configure:7552: gcc -c -g -O2  conftest.c >&5
configure:7552: $? = 0
configure:7552: result: yes
configure:7552: checking for unistd.h
configure:7552: gcc -c -g -O2  conftest.c >&5
configure:7552: $? = 0
configure:7552: result: yes
configure:7566: checking for dlfcn.h
configure:7566: gcc -c -g -O2  conftest.c >&5
configure:7566: $? = 0
configure:7566: result: yes
configure:7822: checking for objdir
configure:7837: result: .libs
configure:8101: checking if gcc supports -fno-rtti -fno-exceptions
configure:8119: gcc -c -g -O2  -fno-rtti -fno-exceptions conftest.c >&5
cc1: warning: command line option '-fno-rtti' is valid for C++/D/ObjC++ but not for C
configure:8123: $? = 0
configure:8136: result: no
configure:8494: checking for gcc option to produce PIC
configure:8501: result: -fPIC -DPIC
configure:8509: checking if gcc PIC flag -fPIC -DPIC works
configure:8527: gcc -c -g -O2  -fPIC -DPIC -DPIC conftest.c >&5
configure:8531: $? = 0
configure:8544: result: yes
configure:8573: checking if gcc static flag -static works
configure:8601: result: yes
configure:8616: checking if gcc supports -c -o file.o
configure:8637: gcc -c -g -O2  -o out/conftest2.o conftest.c >&5
configure:8641: $? = 0
configure:8663: result: yes
configure:8671: checking if gcc supports -c -o file.o
configure:8718: result: yes
configure:8751: checking whether the gcc linker (/usr/bin/ld -m elf_x86_64) supports shared libraries
configure:10010: result: yes
configure:10047: checking whether -lc should be explicitly linked in
configure:10055: gcc -c -g -O2  conftest.c >&5
configure:10058: $? = 0
configure:10073: gcc -shared  -fPIC -DPIC conftest.o  -v -Wl,-soname -Wl,conftest -o conftest 2\>\&1 \| /usr/bin/grep  -lc  \>/dev/null 2\>\&1
configure:10076: $? = 0
configure:10090: result: no
configure:10250: checking dynamic linker characteristics
configure:10831: gcc -o conftest -g -O2   -Wl,-rpath -Wl,/foo conftest.c  >&5
configure:10831: $? = 0
configure:11068: result: GNU/Linux ld.so
configure:11190: checking how to hardcode library paths into programs
configure:11215: result: immediate
configure:11763: checking whether stripping libraries is possible
configure:11768: result: yes
configure:11803: checking if libtool supports shared libraries
configure:11805: result: yes
configure:11808: checking whether to build shared libraries
configure:11833: result: yes
configure:11836: checking whether to build static libraries
configure:11840: result: yes
configure:8719: checking for gcc
configure:8746: result: gcc
configure:8975: checking for C compiler version
configure:8984: gcc --version >&5
gcc (Ubuntu 9.3.0-17ubuntu1~20.04) 9.3.0
Copyright (C) 2019 Free Software Foundation, Inc.
This is free software; see the source for copying conditions.  There is NO
warranty; not even for MERCHANTABILITY or FITNESS FOR A PARTICULAR PURPOSE.

configure:8995: $? = 0
configure:8984: gcc -v >&5
Using built-in specs.
COLLECT_GCC=gcc
COLLECT_LTO_WRAPPER=/usr/lib/gcc/x86_64-linux-gnu/9/lto-wrapper
OFFLOAD_TARGET_NAMES=nvptx-none:hsa
OFFLOAD_TARGET_DEFAULT=1
Target: x86_64-linux-gnu
Configured with: ../src/configure -v --with-pkgversion='Ubuntu 9.3.0-17ubuntu1~20.04' --with-bugurl=file:///usr/share/doc/gcc-9/README.Bugs --enable-languages=c,ada,c++,go,brig,d,fortran,objc,obj-c++,gm2 --prefix=/usr --with-gcc-major-version-only --program-suffix=-9 --program-prefix=x86_64-linux-gnu- --enable-shared --enable-linker-build-id --libexecdir=/usr/lib --without-included-gettext --enable-threads=posix --libdir=/usr/lib --enable-nls --enable-clocale=gnu --enable-libstdcxx-debug --enable-libstdcxx-time=yes --with-default-libstdcxx-abi=new --enable-gnu-unique-object --disable-vtable-verify --enable-plugin --enable-default-pie --with-system-zlib --with-target-system-zlib=auto --enable-objc-gc=auto --enable-multiarch --disable-werror --with-arch-32=i686 --with-abi=m64 --with-multilib-list=m32,m64,mx32 --enable-multilib --with-tune=generic --enable-offload-targets=nvptx-none=/build/gcc-9-HskZEa/gcc-9-9.3.0/debian/tmp-nvptx/usr,hsa --without-cuda-driver --enable-checking=release --build=x86_64-linux-gnu --host=x86_64-linux-gnu --target=x86_64-linux-gnu
Thread model: posix
gcc version 9.3.0 (Ubuntu 9.3.0-17ubuntu1~20.04) 
configure:8995: $? = 0
configure:8984: gcc -V >&5
gcc: error: unrecognized command line option '-V'
gcc: fatal error: no input files
compilation terminated.
configure:8995: $? = 1
configure:8984: gcc -qversion >&5
gcc: error: unrecognized command line option '-qversion'; did you mean '--version'?
gcc: fatal error: no input files
compilation terminated.
configure:8995: $? = 1
configure:8999: checking whether we are using the GNU C compiler
configure:9027: result: yes
configure:9036: checking whether gcc accepts -g
configure:9097: result: yes
configure:9114: checking for gcc option to accept ISO C89
configure:9190: result: none needed
configure:9215: checking whether gcc understands -c and -o together
configure:9252: result: yes
configure:9271: checking dependency style of gcc
configure:9382: result: gcc3
configure:9399: checking for stdlib.h
configure:9399: result: yes
configure:9548: checking that generated files are newer than configure
configure:9554: result: done
configure:9581: creating ./config.status

## ---------------------- ##
## Running config.status. ##
## ---------------------- ##

This file was extended by Code2 config.status 1.0, which was
generated by GNU Autoconf 2.69.  Invocation command line was

  CONFIG_FILES    = 
  CONFIG_HEADERS  = 
  CONFIG_LINKS    = 
  CONFIG_COMMANDS = 
  $ ./config.status 

on maciej

config.status:1002: creating Makefile
config.status:1174: executing depfiles commands
config.status:1251: cd .       && sed -e '/# am--include-marker/d' Makefile         | make -f - am--depfiles
config.status:1256: $? = 0
config.status:1174: executing libtool commands

## ---------------- ##
## Cache variables. ##
## ---------------- ##

ac_cv_build=x86_64-pc-linux-gnu
ac_cv_c_compiler_gnu=yes
ac_cv_env_CC_set=
ac_cv_env_CC_value=
ac_cv_env_CFLAGS_set=
ac_cv_env_CFLAGS_value=
ac_cv_env_CPPFLAGS_set=
ac_cv_env_CPPFLAGS_value=
ac_cv_env_CPP_set=
ac_cv_env_CPP_value=
ac_cv_env_LDFLAGS_set=
ac_cv_env_LDFLAGS_value=
ac_cv_env_LIBS_set=
ac_cv_env_LIBS_value=
ac_cv_env_LT_SYS_LIBRARY_PATH_set=
ac_cv_env_LT_SYS_LIBRARY_PATH_value=
ac_cv_env_build_alias_set=
ac_cv_env_build_alias_value=
ac_cv_env_host_alias_set=
ac_cv_env_host_alias_value=
ac_cv_env_target_alias_set=
ac_cv_env_target_alias_value=
ac_cv_header_dlfcn_h=yes
ac_cv_header_inttypes_h=yes
ac_cv_header_memory_h=yes
ac_cv_header_stdc=yes
ac_cv_header_stdint_h=yes
ac_cv_header_stdlib_h=yes
ac_cv_header_string_h=yes
ac_cv_header_strings_h=yes
ac_cv_header_sys_stat_h=yes
ac_cv_header_sys_types_h=yes
ac_cv_header_unistd_h=yes
ac_cv_host=x86_64-pc-linux-gnu
ac_cv_objext=o
ac_cv_path_EGREP='/usr/bin/grep -E'
ac_cv_path_FGREP='/usr/bin/grep -F'
ac_cv_path_GREP=/usr/bin/grep
ac_cv_path_SED=/usr/bin/sed
ac_cv_path_install='/usr/bin/install -c'
ac_cv_path_lt_DD=/usr/bin/dd
ac_cv_path_mkdir=/usr/bin/mkdir
ac_cv_prog_AWK=mawk
ac_cv_prog_CPP='gcc -E'
ac_cv_prog_ac_ct_AR=ar
ac_cv_prog_ac_ct_CC=gcc
ac_cv_prog_ac_ct_MANIFEST_TOOL=mt
ac_cv_prog_ac_ct_OBJDUMP=objdump
ac_cv_prog_ac_ct_RANLIB=ranlib
ac_cv_prog_ac_ct_STRIP=strip
ac_cv_prog_cc_c89=
ac_cv_prog_cc_g=yes
ac_cv_prog_make_make_set=yes
am_cv_CC_dependencies_compiler_type=gcc3
am_cv_make_support_nested_variables=yes
am_cv_prog_cc_c_o=yes
lt_cv_ar_at_file=@
lt_cv_archive_cmds_need_lc=no
lt_cv_deplibs_check_method=pass_all
lt_cv_file_magic_cmd='$MAGIC_CMD'
lt_cv_file_magic_test_file=
lt_cv_ld_reload_flag=-r
lt_cv_nm_interface='BSD nm'
lt_cv_objdir=.libs
lt_cv_path_LD=/usr/bin/ld
lt_cv_path_NM='/usr/bin/nm -B'
lt_cv_path_mainfest_tool=no
lt_cv_prog_compiler_c_o=yes
lt_cv_prog_compiler_pic='-fPIC -DPIC'
lt_cv_prog_compiler_pic_works=yes
lt_cv_prog_compiler_rtti_exceptions=no
lt_cv_prog_compiler_static_works=yes
lt_cv_prog_gnu_ld=yes
lt_cv_sharedlib_from_linklib_cmd='printf %s\n'
lt_cv_shlibpath_overrides_runpath=yes
lt_cv_sys_global_symbol_pipe='sed -n -e '\''s/^.*[	 ]\([ABCDGIRSTW][ABCDGIRSTW]*\)[	 ][	 ]*\([_A-Za-z][_A-Za-z0-9]*\)$/\1 \2 \2/p'\'' | sed '\''/ __gnu_lto/d'\'''
lt_cv_sys_global_symbol_to_c_name_address='sed -n -e '\''s/^: \(.*\) .*$/  {"\1", (void *) 0},/p'\'' -e '\''s/^[ABCDGIRSTW][ABCDGIRSTW]* .* \(.*\)$/  {"\1", (void *) \&\1},/p'\'''
lt_cv_sys_global_symbol_to_c_name_address_lib_prefix='sed -n -e '\''s/^: \(.*\) .*$/  {"\1", (void *) 0},/p'\'' -e '\''s/^[ABCDGIRSTW][ABCDGIRSTW]* .* \(lib.*\)$/  {"\1", (void *) \&\1},/p'\'' -e '\''s/^[ABCDGIRSTW][ABCDGIRSTW]* .* \(.*\)$/  {"lib\1", (void *) \&\1},/p'\'''
lt_cv_sys_global_symbol_to_cdecl='sed -n -e '\''s/^T .* \(.*\)$/extern int \1();/p'\'' -e '\''s/^[ABCDGIRSTW][ABCDGIRSTW]* .* \(.*\)$/extern char \1;/p'\'''
lt_cv_sys_global_symbol_to_import=
lt_cv_sys_max_cmd_len=1572864
lt_cv_to_host_file_cmd=func_convert_file_noop
lt_cv_to_tool_file_cmd=func_convert_file_noop
lt_cv_truncate_bin='/usr/bin/dd bs=4096 count=1'

## ----------------- ##
## Output variables. ##
## ----------------- ##

ACLOCAL='${SHELL} /home/maciej/atools/Z2r/missing aclocal-1.16'
AMDEPBACKSLASH='\'
AMDEP_FALSE='#'
AMDEP_TRUE=''
AMTAR='$${TAR-tar}'
AM_BACKSLASH='\'
AM_DEFAULT_V='$(AM_DEFAULT_VERBOSITY)'
AM_DEFAULT_VERBOSITY='1'
AM_V='$(V)'
AR='ar'
AUTOCONF='${SHELL} /home/maciej/atools/Z2r/missing autoconf'
AUTOHEADER='${SHELL} /home/maciej/atools/Z2r/missing autoheader'
AUTOMAKE='${SHELL} /home/maciej/atools/Z2r/missing automake-1.16'
AWK='mawk'
CC='gcc'
CCDEPMODE='depmode=gcc3'
CFLAGS='-g -O2'
CPP='gcc -E'
CPPFLAGS=''
CYGPATH_W='echo'
DEFS='-DPACKAGE_NAME=\"Code2\" -DPACKAGE_TARNAME=\"code2\" -DPACKAGE_VERSION=\"1.0\" -DPACKAGE_STRING=\"Code2\ 1.0\" -DPACKAGE_BUGREPORT=\"s95498@pollub.edu.pl\" -DPACKAGE_URL=\"\" -DPACKAGE=\"code2\" -DVERSION=\"1.0\" -DSTDC_HEADERS=1 -DHAVE_SYS_TYPES_H=1 -DHAVE_SYS_STAT_H=1 -DHAVE_STDLIB_H=1 -DHAVE_STRING_H=1 -DHAVE_MEMORY_H=1 -DHAVE_STRINGS_H=1 -DHAVE_INTTYPES_H=1 -DHAVE_STDINT_H=1 -DHAVE_UNISTD_H=1 -DHAVE_DLFCN_H=1 -DLT_OBJDIR=\".libs/\" -DHAVE_STDLIB_H=1'
DEPDIR='.deps'
DLLTOOL='false'
DSYMUTIL=''
DUMPBIN=''
ECHO_C=''
ECHO_N='-n'
ECHO_T=''
EGREP='/usr/bin/grep -E'
EXEEXT=''
FGREP='/usr/bin/grep -F'
GREP='/usr/bin/grep'
INSTALL_DATA='${INSTALL} -m 644'
INSTALL_PROGRAM='${INSTALL}'
INSTALL_SCRIPT='${INSTALL}'
INSTALL_STRIP_PROGRAM='$(install_sh) -c -s'
LD='/usr/bin/ld -m elf_x86_64'
LDFLAGS=''
LIBOBJS=''
LIBS=''
LIBTOOL='$(SHELL) $(top_builddir)/libtool'
LIPO=''
LN_S='ln -s'
LTLIBOBJS=''
LT_SYS_LIBRARY_PATH=''
MAKEINFO='${SHELL} /home/maciej/atools/Z2r/missing makeinfo'
MANIFEST_TOOL=':'
MKDIR_P='/usr/bin/mkdir -p'
NM='/usr/bin/nm -B'
NMEDIT=''
OBJDUMP='objdump'
OBJEXT='o'
OTOOL64=''
OTOOL=''
PACKAGE='code2'
PACKAGE_BUGREPORT='s95498@pollub.edu.pl'
PACKAGE_NAME='Code2'
PACKAGE_STRING='Code2 1.0'
PACKAGE_TARNAME='code2'
PACKAGE_URL=''
PACKAGE_VERSION='1.0'
PATH_SEPARATOR=':'
RANLIB='ranlib'
SED='/usr/bin/sed'
SET_MAKE=''
SHELL='/bin/bash'
STRIP='strip'
VERSION='1.0'
ac_ct_AR='ar'
ac_ct_CC='gcc'
ac_ct_DUMPBIN=''
am__EXEEXT_FALSE=''
am__EXEEXT_TRUE='#'
am__fastdepCC_FALSE='#'
am__fastdepCC_TRUE=''
am__include='include'
am__isrc=''
am__leading_dot='.'
am__nodep='_no'
am__quote=''
am__tar='$${TAR-tar} chof - "$$tardir"'
am__untar='$${TAR-tar} xf -'
bindir='${exec_prefix}/bin'
build='x86_64-pc-linux-gnu'
build_alias=''
build_cpu='x86_64'
build_os='linux-gnu'
build_vendor='pc'
datadir='${datarootdir}'
datarootdir='${prefix}/share'
docdir='${datarootdir}/doc/${PACKAGE_TARNAME}'
dvidir='${docdir}'
exec_prefix='${prefix}'
host='x86_64-pc-linux-gnu'
host_alias=''
host_cpu='x86_64'
host_os='linux-gnu'
host_vendor='pc'
htmldir='${docdir}'
includedir='${prefix}/include'
infodir='${datarootdir}/info'
install_sh='${SHELL} /home/maciej/atools/Z2r/install-sh'
libdir='${exec_prefix}/lib'
libexecdir='${exec_prefix}/libexec'
localedir='${datarootdir}/locale'
localstatedir='${prefix}/var'
mandir='${datarootdir}/man'
mkdir_p='$(MKDIR_P)'
oldincludedir='/usr/include'
pdfdir='${docdir}'
prefix='/usr/local'
program_transform_name='s,x,x,'
psdir='${docdir}'
sbindir='${exec_prefix}/sbin'
sharedstatedir='${prefix}/com'
sysconfdir='${prefix}/etc'
target_alias=''

## ----------- ##
## confdefs.h. ##
## ----------- ##

/* confdefs.h */
#define PACKAGE_NAME "Code2"
#define PACKAGE_TARNAME "code2"
#define PACKAGE_VERSION "1.0"
#define PACKAGE_STRING "Code2 1.0"
#define PACKAGE_BUGREPORT "s95498@pollub.edu.pl"
#define PACKAGE_URL ""
#define PACKAGE "code2"
#define VERSION "1.0"
#define STDC_HEADERS 1
#define HAVE_SYS_TYPES_H 1
#define HAVE_SYS_STAT_H 1
#define HAVE_STDLIB_H 1
#define HAVE_STRING_H 1
#define HAVE_MEMORY_H 1
#define HAVE_STRINGS_H 1
#define HAVE_INTTYPES_H 1
#define HAVE_STDINT_H 1
#define HAVE_UNISTD_H 1
#define HAVE_DLFCN_H 1
#define LT_OBJDIR ".libs/"
#define HAVE_STDLIB_H 1

configure: exit 0
